[03:43:55] [ServerMain/INFO]: Environment: Environment[accountsHost=https://api.mojang.com, sessionHost=https://sessionserver.mojang.com, servicesHost=https://api.minecraftservices.com, name=PROD]
[03:43:55] [ServerMain/INFO]: Found new data pack file/bukkit, loading it automatically
[03:43:58] [ServerMain/INFO]: Loaded 7 recipes
[03:43:58] [Server thread/INFO]: Starting minecraft server version 1.20.2
[03:43:58] [Server thread/INFO]: Loading properties
[03:43:59] [Server thread/INFO]: This server is running CraftBukkit version 3919-Spigot-dba3cdc-e42510b (MC: 1.20.2) (Implementing API version 1.20.2-R0.1-SNAPSHOT)
[03:43:59] [Server thread/INFO]: Server Ping Player Sample Count: 12
[03:43:59] [Server thread/INFO]: Using 4 threads for Netty based IO
[03:43:59] [Server thread/INFO]: Debug logging is disabled
[03:43:59] [Server thread/INFO]: Default game type: SURVIVAL
[03:43:59] [Server thread/INFO]: Generating keypair
[03:43:59] [Server thread/INFO]: Starting Minecraft server on *:25565
[03:43:59] [Server thread/INFO]: Using epoll channel type
[03:43:59] [Server thread/ERROR]: Could not load 'plugins/via.jar' in folder 'plugins'
org.bukkit.plugin.InvalidDescriptionException: Invalid plugin.yml
	at org.bukkit.plugin.java.JavaPluginLoader.getPluginDescription(JavaPluginLoader.java:170) ~[spigot-api-1.20.2-R0.1-SNAPSHOT.jar:?]
	at org.bukkit.plugin.SimplePluginManager.loadPlugins(SimplePluginManager.java:144) ~[spigot-api-1.20.2-R0.1-SNAPSHOT.jar:?]
	at org.bukkit.craftbukkit.v1_20_R2.CraftServer.loadPlugins(CraftServer.java:437) ~[spigot-1.20.2-R0.1-SNAPSHOT.jar:3919-Spigot-dba3cdc-e42510b]
	at net.minecraft.server.dedicated.DedicatedServer.e(DedicatedServer.java:219) ~[spigot-1.20.2-R0.1-SNAPSHOT.jar:3919-Spigot-dba3cdc-e42510b]
	at net.minecraft.server.MinecraftServer.w(MinecraftServer.java:954) ~[spigot-1.20.2-R0.1-SNAPSHOT.jar:3919-Spigot-dba3cdc-e42510b]
	at net.minecraft.server.MinecraftServer.lambda$0(MinecraftServer.java:298) ~[spigot-1.20.2-R0.1-SNAPSHOT.jar:3919-Spigot-dba3cdc-e42510b]
	at java.lang.Thread.run(Thread.java:840) ~[?:?]
Caused by: java.io.FileNotFoundException: Jar does not contain plugin.yml
	... 7 more
[03:44:00] [Server thread/INFO]: [ViaVersion] Loading ViaVersion v4.8.1
[03:44:00] [Server thread/INFO]: [ViaVersion] ViaVersion 4.8.1 is now loaded. Registering protocol transformers and injecting...
[03:44:00] [Via-Mappingloader-0/INFO]: [ViaVersion] Loading block connection mappings ...
[03:44:01] [Server thread/INFO]: [ViaBackwards] Loading translations...
[03:44:01] [Server thread/INFO]: [ViaBackwards] Registering protocols...
[03:44:01] [Via-Mappingloader-0/INFO]: [ViaVersion] Using FastUtil Long2ObjectOpenHashMap for block connections
[03:44:01] [Server thread/INFO]: [ViaBackwards] Loading ViaBackwards v4.8.1
[03:44:01] [Server thread/WARN]: **** SERVER IS RUNNING IN OFFLINE/INSECURE MODE!
[03:44:01] [Server thread/WARN]: The server will make no attempt to authenticate usernames. Beware.
[03:44:01] [Server thread/WARN]: While this makes the game possible to play without internet access, it also opens up the ability for hackers to connect with any username they choose.
[03:44:01] [Server thread/WARN]: To change this, set "online-mode" to "true" in the server.properties file.
[03:44:01] [Server thread/INFO]: Preparing level "world"
[03:44:02] [Server thread/INFO]: -------- World Settings For [world] --------
[03:44:02] [Server thread/INFO]: Zombie Aggressive Towards Villager: true
[03:44:02] [Server thread/INFO]: View Distance: 10
[03:44:02] [Server thread/INFO]: Simulation Distance: 10
[03:44:02] [Server thread/INFO]: Allow Zombie Pigmen to spawn from portal blocks: true
[03:44:02] [Server thread/INFO]: Item Despawn Rate: 6000
[03:44:02] [Server thread/INFO]: Item Merge Radius: 2.5
[03:44:02] [Server thread/INFO]: Arrow Despawn Rate: 1200 Trident Respawn Rate:1200
[03:44:02] [Server thread/INFO]: Nerfing mobs spawned from spawners: false
[03:44:02] [Server thread/INFO]: Cactus Growth Modifier: 100%
[03:44:02] [Server thread/INFO]: Cane Growth Modifier: 100%
[03:44:02] [Server thread/INFO]: Melon Growth Modifier: 100%
[03:44:02] [Server thread/INFO]: Mushroom Growth Modifier: 100%
[03:44:02] [Server thread/INFO]: Pumpkin Growth Modifier: 100%
[03:44:02] [Server thread/INFO]: Sapling Growth Modifier: 100%
[03:44:02] [Server thread/INFO]: Beetroot Growth Modifier: 100%
[03:44:02] [Server thread/INFO]: Carrot Growth Modifier: 100%
[03:44:02] [Server thread/INFO]: Potato Growth Modifier: 100%
[03:44:02] [Server thread/INFO]: Wheat Growth Modifier: 100%
[03:44:02] [Server thread/INFO]: NetherWart Growth Modifier: 100%
[03:44:02] [Server thread/INFO]: Vine Growth Modifier: 100%
[03:44:02] [Server thread/INFO]: Cocoa Growth Modifier: 100%
[03:44:02] [Server thread/INFO]: Bamboo Growth Modifier: 100%
[03:44:02] [Server thread/INFO]: SweetBerry Growth Modifier: 100%
[03:44:02] [Server thread/INFO]: Kelp Growth Modifier: 100%
[03:44:02] [Server thread/INFO]: TwistingVines Growth Modifier: 100%
[03:44:02] [Server thread/INFO]: WeepingVines Growth Modifier: 100%
[03:44:02] [Server thread/INFO]: CaveVines Growth Modifier: 100%
[03:44:02] [Server thread/INFO]: Entity Activation Range: An 32 / Mo 32 / Ra 48 / Mi 16 / Tiv true / Isa false
[03:44:02] [Server thread/INFO]: Entity Tracking Range: Pl 48 / An 48 / Mo 48 / Mi 32 / Di 128 / Other 64
[03:44:02] [Server thread/INFO]: Hopper Transfer: 8 Hopper Check: 1 Hopper Amount: 1 Hopper Can Load Chunks: false
[03:44:02] [Server thread/INFO]: Experience Merge Radius: 3.0
[03:44:02] [Server thread/INFO]: Mob Spawn Range: 6
[03:44:02] [Server thread/INFO]: Custom Map Seeds:  Village: 10387312 Desert: 14357617 Igloo: 14357618 Jungle: 14357619 Swamp: 14357620 Monument: 10387313 Ocean: 14357621 Shipwreck: 165745295 End City: 10387313 Slime: 987234911 Nether: 30084232 Mansion: 10387319 Fossil: 14357921 Portal: 34222645
[03:44:02] [Server thread/INFO]: Max TNT Explosions: 100
[03:44:02] [Server thread/INFO]: Tile Max Tick Time: 50ms Entity max Tick Time: 50ms
[03:44:15] [Server thread/INFO]: -------- World Settings For [world_nether] --------
[03:44:15] [Server thread/INFO]: Zombie Aggressive Towards Villager: true
[03:44:15] [Server thread/INFO]: View Distance: 10
[03:44:15] [Server thread/INFO]: Simulation Distance: 10
[03:44:15] [Server thread/INFO]: Allow Zombie Pigmen to spawn from portal blocks: true
[03:44:15] [Server thread/INFO]: Item Despawn Rate: 6000
[03:44:15] [Server thread/INFO]: Item Merge Radius: 2.5
[03:44:15] [Server thread/INFO]: Arrow Despawn Rate: 1200 Trident Respawn Rate:1200
[03:44:15] [Server thread/INFO]: Nerfing mobs spawned from spawners: false
[03:44:15] [Server thread/INFO]: Cactus Growth Modifier: 100%
[03:44:15] [Server thread/INFO]: Cane Growth Modifier: 100%
[03:44:15] [Server thread/INFO]: Melon Growth Modifier: 100%
[03:44:15] [Server thread/INFO]: Mushroom Growth Modifier: 100%
[03:44:15] [Server thread/INFO]: Pumpkin Growth Modifier: 100%
[03:44:15] [Server thread/INFO]: Sapling Growth Modifier: 100%
[03:44:15] [Server thread/INFO]: Beetroot Growth Modifier: 100%
[03:44:15] [Server thread/INFO]: Carrot Growth Modifier: 100%
[03:44:15] [Server thread/INFO]: Potato Growth Modifier: 100%
[03:44:15] [Server thread/INFO]: Wheat Growth Modifier: 100%
[03:44:15] [Server thread/INFO]: NetherWart Growth Modifier: 100%
[03:44:15] [Server thread/INFO]: Vine Growth Modifier: 100%
[03:44:15] [Server thread/INFO]: Cocoa Growth Modifier: 100%
[03:44:15] [Server thread/INFO]: Bamboo Growth Modifier: 100%
[03:44:15] [Server thread/INFO]: SweetBerry Growth Modifier: 100%
[03:44:15] [Server thread/INFO]: Kelp Growth Modifier: 100%
[03:44:15] [Server thread/INFO]: TwistingVines Growth Modifier: 100%
[03:44:15] [Server thread/INFO]: WeepingVines Growth Modifier: 100%
[03:44:15] [Server thread/INFO]: CaveVines Growth Modifier: 100%
[03:44:15] [Server thread/INFO]: Entity Activation Range: An 32 / Mo 32 / Ra 48 / Mi 16 / Tiv true / Isa false
[03:44:15] [Server thread/INFO]: Entity Tracking Range: Pl 48 / An 48 / Mo 48 / Mi 32 / Di 128 / Other 64
[03:44:15] [Server thread/INFO]: Hopper Transfer: 8 Hopper Check: 1 Hopper Amount: 1 Hopper Can Load Chunks: false
[03:44:15] [Server thread/INFO]: Experience Merge Radius: 3.0
[03:44:15] [Server thread/INFO]: Mob Spawn Range: 6
[03:44:15] [Server thread/INFO]: Custom Map Seeds:  Village: 10387312 Desert: 14357617 Igloo: 14357618 Jungle: 14357619 Swamp: 14357620 Monument: 10387313 Ocean: 14357621 Shipwreck: 165745295 End City: 10387313 Slime: 987234911 Nether: 30084232 Mansion: 10387319 Fossil: 14357921 Portal: 34222645
[03:44:15] [Server thread/INFO]: Max TNT Explosions: 100
[03:44:15] [Server thread/INFO]: Tile Max Tick Time: 50ms Entity max Tick Time: 50ms
[03:44:17] [Server thread/INFO]: -------- World Settings For [world_the_end] --------
[03:44:17] [Server thread/INFO]: Zombie Aggressive Towards Villager: true
[03:44:17] [Server thread/INFO]: View Distance: 10
[03:44:17] [Server thread/INFO]: Simulation Distance: 10
[03:44:17] [Server thread/INFO]: Allow Zombie Pigmen to spawn from portal blocks: true
[03:44:17] [Server thread/INFO]: Item Despawn Rate: 6000
[03:44:17] [Server thread/INFO]: Item Merge Radius: 2.5
[03:44:17] [Server thread/INFO]: Arrow Despawn Rate: 1200 Trident Respawn Rate:1200
[03:44:17] [Server thread/INFO]: Nerfing mobs spawned from spawners: false
[03:44:17] [Server thread/INFO]: Cactus Growth Modifier: 100%
[03:44:17] [Server thread/INFO]: Cane Growth Modifier: 100%
[03:44:17] [Server thread/INFO]: Melon Growth Modifier: 100%
[03:44:17] [Server thread/INFO]: Mushroom Growth Modifier: 100%
[03:44:17] [Server thread/INFO]: Pumpkin Growth Modifier: 100%
[03:44:17] [Server thread/INFO]: Sapling Growth Modifier: 100%
[03:44:17] [Server thread/INFO]: Beetroot Growth Modifier: 100%
[03:44:17] [Server thread/INFO]: Carrot Growth Modifier: 100%
[03:44:17] [Server thread/INFO]: Potato Growth Modifier: 100%
[03:44:17] [Server thread/INFO]: Wheat Growth Modifier: 100%
[03:44:17] [Server thread/INFO]: NetherWart Growth Modifier: 100%
[03:44:17] [Server thread/INFO]: Vine Growth Modifier: 100%
[03:44:17] [Server thread/INFO]: Cocoa Growth Modifier: 100%
[03:44:17] [Server thread/INFO]: Bamboo Growth Modifier: 100%
[03:44:17] [Server thread/INFO]: SweetBerry Growth Modifier: 100%
[03:44:17] [Server thread/INFO]: Kelp Growth Modifier: 100%
[03:44:17] [Server thread/INFO]: TwistingVines Growth Modifier: 100%
[03:44:17] [Server thread/INFO]: WeepingVines Growth Modifier: 100%
[03:44:17] [Server thread/INFO]: CaveVines Growth Modifier: 100%
[03:44:17] [Server thread/INFO]: Entity Activation Range: An 32 / Mo 32 / Ra 48 / Mi 16 / Tiv true / Isa false
[03:44:17] [Server thread/INFO]: Entity Tracking Range: Pl 48 / An 48 / Mo 48 / Mi 32 / Di 128 / Other 64
[03:44:17] [Server thread/INFO]: Hopper Transfer: 8 Hopper Check: 1 Hopper Amount: 1 Hopper Can Load Chunks: false
[03:44:17] [Server thread/INFO]: Experience Merge Radius: 3.0
[03:44:17] [Server thread/INFO]: Mob Spawn Range: 6
[03:44:17] [Server thread/INFO]: Custom Map Seeds:  Village: 10387312 Desert: 14357617 Igloo: 14357618 Jungle: 14357619 Swamp: 14357620 Monument: 10387313 Ocean: 14357621 Shipwreck: 165745295 End City: 10387313 Slime: 987234911 Nether: 30084232 Mansion: 10387319 Fossil: 14357921 Portal: 34222645
[03:44:17] [Server thread/INFO]: Max TNT Explosions: 100
[03:44:17] [Server thread/INFO]: Tile Max Tick Time: 50ms Entity max Tick Time: 50ms
[03:44:17] [Server thread/INFO]: Preparing start region for dimension minecraft:overworld
[03:44:17] [Server thread/INFO]: Preparing spawn area: 0%
[03:44:18] [Server thread/INFO]: Preparing spawn area: 0%
[03:44:18] [Server thread/INFO]: Preparing spawn area: 0%
[03:44:19] [Worker-Main-7/INFO]: Preparing spawn area: 0%
[03:44:19] [Worker-Main-7/INFO]: Preparing spawn area: 0%
[03:44:20] [Worker-Main-7/INFO]: Preparing spawn area: 0%
[03:44:23] [Worker-Main-7/INFO]: Preparing spawn area: 0%
[03:44:23] [Worker-Main-7/INFO]: Preparing spawn area: 0%
[03:44:23] [Worker-Main-7/INFO]: Preparing spawn area: 0%
[03:44:23] [Worker-Main-7/INFO]: Preparing spawn area: 0%
[03:44:24] [Worker-Main-7/INFO]: Preparing spawn area: 0%
[03:44:24] [Worker-Main-7/INFO]: Preparing spawn area: 0%
[03:44:24] [Worker-Main-7/INFO]: Preparing spawn area: 0%
[03:44:24] [Worker-Main-7/INFO]: Preparing spawn area: 0%
[03:44:24] [Worker-Main-7/INFO]: Preparing spawn area: 0%
[03:44:25] [Worker-Main-7/INFO]: Preparing spawn area: 0%
[03:44:25] [Worker-Main-7/INFO]: Preparing spawn area: 0%
[03:44:26] [Worker-Main-7/INFO]: Preparing spawn area: 0%
[03:44:26] [Worker-Main-7/INFO]: Preparing spawn area: 0%
[03:44:27] [Worker-Main-7/INFO]: Preparing spawn area: 0%
[03:44:27] [Worker-Main-7/INFO]: Preparing spawn area: 0%
[03:44:28] [Worker-Main-7/INFO]: Preparing spawn area: 0%
[03:44:28] [Worker-Main-7/INFO]: Preparing spawn area: 0%
[03:44:29] [Worker-Main-7/INFO]: Preparing spawn area: 0%
[03:44:29] [Worker-Main-7/INFO]: Preparing spawn area: 0%
[03:44:30] [Worker-Main-7/INFO]: Preparing spawn area: 0%
[03:44:30] [Worker-Main-7/INFO]: Preparing spawn area: 0%
[03:44:31] [Worker-Main-7/INFO]: Preparing spawn area: 0%
[03:44:31] [Worker-Main-7/INFO]: Preparing spawn area: 0%
[03:44:32] [Worker-Main-7/INFO]: Preparing spawn area: 0%
[03:44:32] [Worker-Main-7/INFO]: Preparing spawn area: 0%
[03:44:33] [Worker-Main-7/INFO]: Preparing spawn area: 0%
[03:44:33] [Worker-Main-7/INFO]: Preparing spawn area: 0%
[03:44:34] [Worker-Main-7/INFO]: Preparing spawn area: 0%
[03:44:34] [Worker-Main-7/INFO]: Preparing spawn area: 0%
[03:44:35] [Worker-Main-7/INFO]: Preparing spawn area: 0%
[03:44:35] [Worker-Main-7/INFO]: Preparing spawn area: 0%
[03:44:36] [Worker-Main-7/INFO]: Preparing spawn area: 0%
[03:44:36] [Worker-Main-7/INFO]: Preparing spawn area: 0%
[03:44:37] [Worker-Main-7/INFO]: Preparing spawn area: 0%
[03:44:37] [Worker-Main-7/INFO]: Preparing spawn area: 0%
[03:44:38] [Worker-Main-7/INFO]: Preparing spawn area: 0%
[03:44:38] [Worker-Main-7/INFO]: Preparing spawn area: 0%
[03:44:39] [Worker-Main-7/INFO]: Preparing spawn area: 0%
[03:44:39] [Worker-Main-7/INFO]: Preparing spawn area: 0%
[03:44:40] [Worker-Main-7/INFO]: Preparing spawn area: 0%
[03:44:40] [Worker-Main-7/INFO]: Preparing spawn area: 0%
[03:44:41] [Worker-Main-7/INFO]: Preparing spawn area: 0%
[03:44:41] [Worker-Main-7/INFO]: Preparing spawn area: 0%
[03:44:42] [Worker-Main-7/INFO]: Preparing spawn area: 0%
[03:44:42] [Worker-Main-7/INFO]: Preparing spawn area: 0%
[03:44:43] [Worker-Main-7/INFO]: Preparing spawn area: 0%
[03:44:43] [Worker-Main-7/INFO]: Preparing spawn area: 0%
[03:44:44] [Worker-Main-7/INFO]: Preparing spawn area: 0%
[03:44:44] [Worker-Main-7/INFO]: Preparing spawn area: 0%
[03:44:45] [Worker-Main-7/INFO]: Preparing spawn area: 0%
[03:44:45] [Worker-Main-7/INFO]: Preparing spawn area: 0%
[03:44:46] [Worker-Main-7/INFO]: Preparing spawn area: 0%
[03:44:46] [Worker-Main-7/INFO]: Preparing spawn area: 0%
[03:44:47] [Worker-Main-7/INFO]: Preparing spawn area: 0%
[03:44:47] [Worker-Main-7/INFO]: Preparing spawn area: 0%
[03:44:48] [Worker-Main-7/INFO]: Preparing spawn area: 0%
[03:44:48] [Worker-Main-7/INFO]: Preparing spawn area: 0%
[03:44:49] [Worker-Main-7/INFO]: Preparing spawn area: 0%
[03:44:49] [Worker-Main-7/INFO]: Preparing spawn area: 0%
[03:44:50] [Worker-Main-7/INFO]: Preparing spawn area: 0%
[03:44:50] [Worker-Main-7/INFO]: Preparing spawn area: 0%
[03:44:51] [Worker-Main-7/INFO]: Preparing spawn area: 0%
[03:44:51] [Worker-Main-7/INFO]: Preparing spawn area: 0%
[03:44:52] [Worker-Main-7/INFO]: Preparing spawn area: 0%
[03:44:52] [Worker-Main-7/INFO]: Preparing spawn area: 0%
[03:44:53] [Worker-Main-7/INFO]: Preparing spawn area: 0%
[03:44:53] [Worker-Main-7/INFO]: Preparing spawn area: 0%
[03:44:54] [Worker-Main-7/INFO]: Preparing spawn area: 0%
[03:44:54] [Worker-Main-7/INFO]: Preparing spawn area: 0%
[03:44:55] [Worker-Main-7/INFO]: Preparing spawn area: 0%
[03:44:55] [Worker-Main-7/INFO]: Preparing spawn area: 0%
[03:44:56] [Worker-Main-7/INFO]: Preparing spawn area: 0%
[03:44:56] [Worker-Main-7/INFO]: Preparing spawn area: 0%
[03:44:57] [Worker-Main-7/INFO]: Preparing spawn area: 0%
[03:44:57] [Worker-Main-7/INFO]: Preparing spawn area: 0%
[03:44:58] [Worker-Main-7/INFO]: Preparing spawn area: 0%
[03:44:58] [Worker-Main-7/INFO]: Preparing spawn area: 0%
[03:44:59] [Worker-Main-7/INFO]: Preparing spawn area: 0%
[03:44:59] [Worker-Main-7/INFO]: Preparing spawn area: 0%
[03:45:00] [Worker-Main-7/INFO]: Preparing spawn area: 0%
[03:45:00] [Worker-Main-7/INFO]: Preparing spawn area: 0%
[03:45:01] [Worker-Main-7/INFO]: Preparing spawn area: 0%
[03:45:01] [Worker-Main-7/INFO]: Preparing spawn area: 0%
[03:45:02] [Worker-Main-7/INFO]: Preparing spawn area: 0%
[03:45:02] [Worker-Main-7/INFO]: Preparing spawn area: 0%
[03:45:03] [Worker-Main-7/INFO]: Preparing spawn area: 0%
[03:45:03] [Worker-Main-7/INFO]: Preparing spawn area: 0%
[03:45:04] [Worker-Main-7/INFO]: Preparing spawn area: 0%
[03:45:04] [Worker-Main-7/INFO]: Preparing spawn area: 0%
[03:45:05] [Worker-Main-7/INFO]: Preparing spawn area: 0%
[03:45:05] [Worker-Main-7/INFO]: Preparing spawn area: 0%
[03:45:06] [Worker-Main-7/INFO]: Preparing spawn area: 0%
[03:45:06] [Worker-Main-7/INFO]: Preparing spawn area: 2%
[03:45:07] [Worker-Main-6/INFO]: Preparing spawn area: 10%
[03:45:07] [Worker-Main-6/INFO]: Preparing spawn area: 12%
[03:45:08] [Worker-Main-6/INFO]: Preparing spawn area: 18%
[03:45:08] [Worker-Main-6/INFO]: Preparing spawn area: 30%
[03:45:09] [Worker-Main-6/INFO]: Preparing spawn area: 31%
[03:45:09] [Worker-Main-6/INFO]: Preparing spawn area: 31%
[03:45:10] [Worker-Main-6/INFO]: Preparing spawn area: 32%
[03:45:10] [Worker-Main-6/INFO]: Preparing spawn area: 36%
[03:45:11] [Worker-Main-6/INFO]: Preparing spawn area: 41%
[03:45:11] [Worker-Main-6/INFO]: Preparing spawn area: 56%
[03:45:12] [Worker-Main-6/INFO]: Preparing spawn area: 58%
[03:45:12] [Worker-Main-6/INFO]: Preparing spawn area: 59%
[03:45:14] [Server thread/INFO]: Time elapsed: 56216 ms
[03:45:14] [Server thread/INFO]: Preparing start region for dimension minecraft:the_nether
[03:45:14] [Server thread/INFO]: Preparing spawn area: 0%
[03:45:14] [Worker-Main-6/INFO]: Preparing spawn area: 0%
[03:45:15] [Worker-Main-6/INFO]: Preparing spawn area: 0%
[03:45:15] [Worker-Main-6/INFO]: Preparing spawn area: 0%
[03:45:16] [Worker-Main-6/INFO]: Preparing spawn area: 0%
[03:45:16] [Worker-Main-6/INFO]: Preparing spawn area: 0%
[03:45:17] [Worker-Main-6/INFO]: Preparing spawn area: 0%
[03:45:17] [Worker-Main-6/INFO]: Preparing spawn area: 0%
[03:45:18] [Worker-Main-6/INFO]: Preparing spawn area: 0%
[03:45:18] [Worker-Main-6/INFO]: Preparing spawn area: 0%
[03:45:19] [Worker-Main-6/INFO]: Preparing spawn area: 0%
[03:45:19] [Worker-Main-6/INFO]: Preparing spawn area: 0%
[03:45:20] [Worker-Main-6/INFO]: Preparing spawn area: 0%
[03:45:20] [Worker-Main-6/INFO]: Preparing spawn area: 0%
[03:45:21] [Worker-Main-6/INFO]: Preparing spawn area: 0%
[03:45:21] [Worker-Main-6/INFO]: Preparing spawn area: 0%
[03:45:22] [Worker-Main-6/INFO]: Preparing spawn area: 0%
[03:45:22] [Worker-Main-6/INFO]: Preparing spawn area: 0%
[03:45:23] [Worker-Main-6/INFO]: Preparing spawn area: 0%
[03:45:23] [Worker-Main-6/INFO]: Preparing spawn area: 0%
[03:45:24] [Worker-Main-6/INFO]: Preparing spawn area: 0%
[03:45:24] [Worker-Main-6/INFO]: Preparing spawn area: 0%
[03:45:25] [Worker-Main-6/INFO]: Preparing spawn area: 0%
[03:45:25] [Worker-Main-6/INFO]: Preparing spawn area: 0%
[03:45:26] [Worker-Main-6/INFO]: Preparing spawn area: 0%
[03:45:26] [Worker-Main-6/INFO]: Preparing spawn area: 0%
[03:45:27] [Worker-Main-6/INFO]: Preparing spawn area: 0%
[03:45:27] [Worker-Main-6/INFO]: Preparing spawn area: 0%
[03:45:28] [Worker-Main-6/INFO]: Preparing spawn area: 0%
[03:45:28] [Worker-Main-6/INFO]: Preparing spawn area: 0%
[03:45:29] [Worker-Main-6/INFO]: Preparing spawn area: 0%
[03:45:29] [Worker-Main-6/INFO]: Preparing spawn area: 0%
[03:45:30] [Worker-Main-6/INFO]: Preparing spawn area: 0%
[03:45:30] [Worker-Main-6/INFO]: Preparing spawn area: 0%
[03:45:31] [Worker-Main-6/INFO]: Preparing spawn area: 0%
[03:45:31] [Worker-Main-6/INFO]: Preparing spawn area: 0%
[03:45:32] [Worker-Main-6/INFO]: Preparing spawn area: 48%
[03:45:32] [Server thread/INFO]: Time elapsed: 18479 ms
[03:45:32] [Server thread/INFO]: Preparing start region for dimension minecraft:the_end
[03:45:33] [Worker-Main-6/INFO]: Preparing spawn area: 0%
[03:45:33] [Worker-Main-6/INFO]: Preparing spawn area: 0%
[03:45:33] [Worker-Main-6/INFO]: Preparing spawn area: 0%
[03:45:34] [Worker-Main-6/INFO]: Preparing spawn area: 0%
[03:45:34] [Worker-Main-6/INFO]: Preparing spawn area: 0%
[03:45:35] [Worker-Main-6/INFO]: Preparing spawn area: 0%
[03:45:35] [Worker-Main-6/INFO]: Preparing spawn area: 0%
[03:45:36] [Worker-Main-6/INFO]: Preparing spawn area: 0%
[03:45:36] [Worker-Main-6/INFO]: Preparing spawn area: 0%
[03:45:37] [Worker-Main-6/INFO]: Preparing spawn area: 6%
[03:45:37] [Server thread/INFO]: Time elapsed: 4734 ms
[03:45:37] [Server thread/INFO]: [ViaVersion] Enabling ViaVersion v4.8.1
[03:45:37] [Server thread/WARN]: [ViaVersion] Couldn't find reflection methods/fields to access Channel from player.
Login race condition fixer will be disabled.
 Some plugins that use ViaAPI on join event may work incorrectly.
java.lang.NoSuchFieldException: NetworkManager
	at com.viaversion.viaversion.bukkit.listeners.JoinListener.findField(JoinListener.java:80) ~[?:?]
	at com.viaversion.viaversion.bukkit.listeners.JoinListener.<clinit>(JoinListener.java:50) ~[?:?]
	at com.viaversion.viaversion.ViaVersionPlugin.onEnable(ViaVersionPlugin.java:109) ~[?:?]
	at org.bukkit.plugin.java.JavaPlugin.setEnabled(JavaPlugin.java:266) ~[spigot-api-1.20.2-R0.1-SNAPSHOT.jar:?]
	at org.bukkit.plugin.java.JavaPluginLoader.enablePlugin(JavaPluginLoader.java:342) ~[spigot-api-1.20.2-R0.1-SNAPSHOT.jar:?]
	at org.bukkit.plugin.SimplePluginManager.enablePlugin(SimplePluginManager.java:480) ~[spigot-api-1.20.2-R0.1-SNAPSHOT.jar:?]
	at org.bukkit.craftbukkit.v1_20_R2.CraftServer.enablePlugin(CraftServer.java:548) ~[spigot-1.20.2-R0.1-SNAPSHOT.jar:3919-Spigot-dba3cdc-e42510b]
	at org.bukkit.craftbukkit.v1_20_R2.CraftServer.enablePlugins(CraftServer.java:462) ~[spigot-1.20.2-R0.1-SNAPSHOT.jar:3919-Spigot-dba3cdc-e42510b]
	at net.minecraft.server.MinecraftServer.loadWorld0(MinecraftServer.java:577) ~[spigot-1.20.2-R0.1-SNAPSHOT.jar:3919-Spigot-dba3cdc-e42510b]
	at net.minecraft.server.MinecraftServer.loadLevel(MinecraftServer.java:400) ~[spigot-1.20.2-R0.1-SNAPSHOT.jar:3919-Spigot-dba3cdc-e42510b]
	at net.minecraft.server.dedicated.DedicatedServer.e(DedicatedServer.java:250) ~[spigot-1.20.2-R0.1-SNAPSHOT.jar:3919-Spigot-dba3cdc-e42510b]
	at net.minecraft.server.MinecraftServer.w(MinecraftServer.java:954) ~[spigot-1.20.2-R0.1-SNAPSHOT.jar:3919-Spigot-dba3cdc-e42510b]
	at net.minecraft.server.MinecraftServer.lambda$0(MinecraftServer.java:298) ~[spigot-1.20.2-R0.1-SNAPSHOT.jar:3919-Spigot-dba3cdc-e42510b]
	at java.lang.Thread.run(Thread.java:840) ~[?:?]
[03:45:37] [Server thread/INFO]: [ViaVersion] ViaVersion detected server version: 1.20.2 (764)
[03:45:37] [Server thread/INFO]: [ViaBackwards] Enabling ViaBackwards v4.8.1
[03:45:37] [Server thread/INFO]: Server permissions file permissions.yml is empty, ignoring it
[03:45:37] [Server thread/INFO]: Done (95.445s)! For help, type "help"
[03:45:37] [Craft Scheduler Thread - 1/INFO]: [ViaVersion] Finished mapping loading, shutting down loader executor!
[03:45:42] [Thread-2/INFO]: Stopping server
[03:45:42] [Thread-2/INFO]: [ViaBackwards] Disabling ViaBackwards v4.8.1
[03:45:42] [Thread-2/INFO]: [ViaVersion] Disabling ViaVersion v4.8.1
[03:45:42] [Thread-2/INFO]: [ViaVersion] ViaVersion is disabling, if this is a reload and you experience issues consider rebooting.
[03:45:42] [Thread-2/INFO]: Saving players
